<?xml version="1.0" encoding="UTF-8"?>
<!-- Generated by org.testng.reporters.JUnitXMLReporter -->
<testsuite ignored="0" hostname="ADMINRG-VDHKSE3" failures="0" tests="3" name="Default test" time="111.457" errors="0" timestamp="2024-04-11T14:05:59 IST">
  <testcase classname="RaushanKumar.tests.SubmitOrderTest" name="submitOrder" time="8.148"/>
  <testcase classname="RaushanKumar.tests.SubmitOrderTest" name="submitOrder" time="8.81"/>
  <testcase classname="RaushanKumar.tests.SubmitOrderTest" name="OrderHistoryTest" time="7.537"/>
</testsuite> <!-- Default test -->
