<?xml version="1.0" encoding="UTF-8"?>
<!-- Generated by org.testng.reporters.JUnitXMLReporter -->
<testsuite ignored="0" hostname="ADMINRG-VDHKSE3" failures="1" tests="3" name="Error Validations Test" time="59.175" errors="0" timestamp="2024-03-14T20:16:48 IST">
  <testcase classname="RaushanKumar.tests.ErrorValidationTest" name="LoginErrorValidation" time="0.851">
    <skipped/>
  </testcase> <!-- LoginErrorValidation -->
  <testcase classname="RaushanKumar.tests.ErrorValidationTest" name="LoginErrorValidation" time="1.006">
    <failure type="java.lang.AssertionError" message="expected [Incorrect email or password.] but found [Incorrect email  password.]">
      <![CDATA[java.lang.AssertionError: expected [Incorrect email or password.] but found [Incorrect email  password.]
at RaushanKumar.tests.ErrorValidationTest.LoginErrorValidation(ErrorValidationTest.java:23)
at java.base/java.util.ArrayList.forEach(ArrayList.java:1511)
at java.base/java.util.concurrent.FutureTask.run(FutureTask.java:264)
at java.base/java.util.concurrent.ThreadPoolExecutor.runWorker(ThreadPoolExecutor.java:1136)
at java.base/java.util.concurrent.ThreadPoolExecutor$Worker.run(ThreadPoolExecutor.java:635)
at java.base/java.lang.Thread.run(Thread.java:833)
... Removed 21 stack frames]]>
    </failure>
  </testcase> <!-- LoginErrorValidation -->
  <testcase classname="RaushanKumar.tests.ErrorValidationTest" name="ProductErrorValidation" time="2.913"/>
</testsuite> <!-- Error Validations Test -->
