<?xml version="1.0" encoding="UTF-8"?>
<!-- Generated by org.testng.reporters.JUnitXMLReporter -->
<testsuite ignored="0" hostname="ADMINRG-VDHKSE3" failures="0" tests="3" name="Submit Order Test" time="61.061" errors="0" timestamp="2024-03-14T20:16:49 IST">
  <testcase classname="RaushanKumar.tests.SubmitOrderTest" name="submitOrder" time="7.209"/>
  <testcase classname="RaushanKumar.tests.SubmitOrderTest" name="submitOrder" time="6.749"/>
  <testcase classname="RaushanKumar.tests.SubmitOrderTest" name="OrderHistoryTest" time="1.078"/>
</testsuite> <!-- Submit Order Test -->
