<?xml version="1.0" encoding="UTF-8"?>
<!-- Generated by org.testng.reporters.JUnitXMLReporter -->
<testsuite ignored="0" hostname="ADMINRG-VDHKSE3" failures="0" tests="2" name="Error Validations Test" time="17.4" errors="0" timestamp="2024-03-24T12:41:25 IST">
  <testcase classname="RaushanKumar.tests.ErrorValidationTest" name="LoginErrorValidation" time="0.001">
    <skipped/>
  </testcase> <!-- LoginErrorValidation -->
  <testcase classname="RaushanKumar.tests.ErrorValidationTest" name="ProductErrorValidation" time="0.0">
    <skipped/>
  </testcase> <!-- ProductErrorValidation -->
</testsuite> <!-- Error Validations Test -->
