<?xml version="1.0" encoding="UTF-8"?>
<testng-results ignored="0" total="3" passed="3" failed="0" skipped="0">
  <reporter-output>
  </reporter-output>
  <suite started-at="2024-04-11T14:04:08 IST" name="Default suite" finished-at="2024-04-11T14:05:59 IST" duration-ms="111457">
    <groups>
      <group name="Purchase">
        <method signature="SubmitOrderTest.submitOrder(java.util.HashMap)[pri:0, instance:RaushanKumar.tests.SubmitOrderTest@3646a422]" name="submitOrder" class="RaushanKumar.tests.SubmitOrderTest"/>
      </group> <!-- Purchase -->
    </groups>
    <test started-at="2024-04-11T14:04:08 IST" name="Default test" finished-at="2024-04-11T14:05:59 IST" duration-ms="111457">
      <class name="RaushanKumar.tests.SubmitOrderTest">
        <test-method is-config="true" signature="launchApplication()[pri:0, instance:RaushanKumar.tests.SubmitOrderTest@3646a422]" started-at="2024-04-11T14:04:14 IST" name="launchApplication" finished-at="2024-04-11T14:05:11 IST" duration-ms="56515" status="PASS">
          <reporter-output>
          </reporter-output>
        </test-method> <!-- launchApplication -->
        <test-method signature="submitOrder(java.util.HashMap)[pri:0, instance:RaushanKumar.tests.SubmitOrderTest@3646a422]" started-at="2024-04-11T14:05:11 IST" name="submitOrder" data-provider="getData" finished-at="2024-04-11T14:05:19 IST" duration-ms="8148" status="PASS">
          <params>
            <param index="0">
              <value>
                <![CDATA[{password=Ranabhai@1, email=rana@gmail.com, productName=ZARA COAT 3}]]>
              </value>
            </param>
          </params>
          <reporter-output>
          </reporter-output>
        </test-method> <!-- submitOrder -->
        <test-method is-config="true" signature="tearDown()[pri:0, instance:RaushanKumar.tests.SubmitOrderTest@3646a422]" started-at="2024-04-11T14:05:19 IST" name="tearDown" finished-at="2024-04-11T14:05:20 IST" duration-ms="997" status="PASS">
          <reporter-output>
          </reporter-output>
        </test-method> <!-- tearDown -->
        <test-method is-config="true" signature="launchApplication()[pri:0, instance:RaushanKumar.tests.SubmitOrderTest@3646a422]" started-at="2024-04-11T14:05:20 IST" name="launchApplication" finished-at="2024-04-11T14:05:30 IST" duration-ms="10002" status="PASS">
          <reporter-output>
          </reporter-output>
        </test-method> <!-- launchApplication -->
        <test-method signature="submitOrder(java.util.HashMap)[pri:0, instance:RaushanKumar.tests.SubmitOrderTest@3646a422]" started-at="2024-04-11T14:05:30 IST" name="submitOrder" data-provider="getData" finished-at="2024-04-11T14:05:39 IST" duration-ms="8810" status="PASS">
          <params>
            <param index="0">
              <value>
                <![CDATA[{password=Ranaabhai@1, email=rkrana@gmail.com, productName=ADIDAS ORIGINAL}]]>
              </value>
            </param>
          </params>
          <reporter-output>
          </reporter-output>
        </test-method> <!-- submitOrder -->
        <test-method is-config="true" signature="tearDown()[pri:0, instance:RaushanKumar.tests.SubmitOrderTest@3646a422]" started-at="2024-04-11T14:05:39 IST" name="tearDown" finished-at="2024-04-11T14:05:41 IST" duration-ms="1971" status="PASS">
          <reporter-output>
          </reporter-output>
        </test-method> <!-- tearDown -->
        <test-method is-config="true" signature="launchApplication()[pri:0, instance:RaushanKumar.tests.SubmitOrderTest@3646a422]" started-at="2024-04-11T14:05:41 IST" name="launchApplication" finished-at="2024-04-11T14:05:51 IST" duration-ms="10476" status="PASS">
          <reporter-output>
          </reporter-output>
        </test-method> <!-- launchApplication -->
        <test-method signature="OrderHistoryTest()[pri:0, instance:RaushanKumar.tests.SubmitOrderTest@3646a422]" started-at="2024-04-11T14:05:51 IST" name="OrderHistoryTest" finished-at="2024-04-11T14:05:59 IST" depends-on-methods="RaushanKumar.tests.SubmitOrderTest.submitOrder" duration-ms="7537" status="PASS">
          <reporter-output>
          </reporter-output>
        </test-method> <!-- OrderHistoryTest -->
        <test-method is-config="true" signature="tearDown()[pri:0, instance:RaushanKumar.tests.SubmitOrderTest@3646a422]" started-at="2024-04-11T14:05:59 IST" name="tearDown" finished-at="2024-04-11T14:05:59 IST" duration-ms="548" status="PASS">
          <reporter-output>
          </reporter-output>
        </test-method> <!-- tearDown -->
      </class> <!-- RaushanKumar.tests.SubmitOrderTest -->
    </test> <!-- Default test -->
  </suite> <!-- Default suite -->
</testng-results>
